1570784248926	mozrunner::runner	INFO	Running command: "D:\\Program Files\\Mozilla Firefox\\firefox.exe" "-marionette" "-foreground" "-no-remote" "-profile" "C:\\Users\\zhenzhen\\AppData\\Local\\Temp\\rust_mozprofile.WhEyIIuaTfMe"
1570784249665	addons.webextension.screenshots@mozilla.org	WARN	Loading extension 'screenshots@mozilla.org': Reading manifest: Invalid extension permission: mozillaAddons
1570784249665	addons.webextension.screenshots@mozilla.org	WARN	Loading extension 'screenshots@mozilla.org': Reading manifest: Invalid extension permission: telemetry
1570784249665	addons.webextension.screenshots@mozilla.org	WARN	Loading extension 'screenshots@mozilla.org': Reading manifest: Invalid extension permission: resource://pdf.js/
1570784249665	addons.webextension.screenshots@mozilla.org	WARN	Loading extension 'screenshots@mozilla.org': Reading manifest: Invalid extension permission: about:reader*
JavaScript error: resource://gre/modules/XULStore.jsm, line 66: Error: Can't find profile directory.
1570784252322	Marionette	INFO	Listening on port 10045
1570784252748	Marionette	WARN	TLS certificate errors will be ignored for this session
1570784278577	Marionette	INFO	Stopped listening on port 10045
[Parent 8072, Gecko_IOThread] WARNING: pipe error: 109: file z:/task_1570643041/build/src/ipc/chromium/src/chrome/common/ipc_channel_win.cc, line 341
[Child 1640, Chrome_ChildThread] WARNING: pipe error: 109: file z:/task_1570643041/build/src/ipc/chromium/src/chrome/common/ipc_channel_win.cc, line 341
[Parent 8072, Gecko_IOThread] WARNING: pipe error: 109: file z:/task_1570643041/build/src/ipc/chro[mium/src/chrome/common/ipc_channel_win.cChild 1640, Chrome_ChildThread] WARNING: pipe error: c, line 341
10[Child 10656, Chrome_ChildThread] WARNING: pipe error: 109: file z:/task_1570643041/build/src/ipc/chromium/src/chrome/common/ipc_channel_win.cc, line 341
[Child 10656, Chrome_ChildThread] WARNING: pipe error: 109: file z:/task_1570643041/build/src/ipc/chromium/src/chrome/common/ipc_channel_win.cc, line 341
[GPU 1057
###!!! [Child][RunMessage] Error: Channel closing: too late to send/recv, messages will be lost

6, Chrome_ChildThread] WARNING: pi1570844939453	mozrunner::runner	INFO	Running command: "D:\\Program Files\\Mozilla Firefox\\firefox.exe" "-marionette" "-foreground" "-no-remote" "-profile" "C:\\Users\\zhenzhen\\AppData\\Local\\Temp\\rust_mozprofile.HqcI4CktTmHf"
1570844942539	addons.webextension.screenshots@mozilla.org	WARN	Loading extension 'screenshots@mozilla.org': Reading manifest: Invalid extension permission: mozillaAddons
1570844942539	addons.webextension.screenshots@mozilla.org	WARN	Loading extension 'screenshots@mozilla.org': Reading manifest: Invalid extension permission: telemetry
1570844942540	addons.webextension.screenshots@mozilla.org	WARN	Loading extension 'screenshots@mozilla.org': Reading manifest: Invalid extension permission: resource://pdf.js/
1570844942540	addons.webextension.screenshots@mozilla.org	WARN	Loading extension 'screenshots@mozilla.org': Reading manifest: Invalid extension permission: about:reader*
JavaScript error: resource://gre/modules/XULStore.jsm, line 66: Error: Can't find profile directory.
1570844948439	Marionette	INFO	Listening on port 2288
1570844949004	Marionette	WARN	TLS certificate errors will be ignored for this session
1570844975452	Marionette	INFO	Stopped listening on port 2288
[Child 6140, Chrome_ChildThread] WARNING: pipe error: 109: file z:/task_1570643041/build/src/ipc/chromium/src/chrome/common/ipc_channel_win.cc, line 341
[Child 6140, Chrome_ChildThread] WARNING: pipe error: 109: file z:/task_1570643041/build/src/ipc/chromium/src/chrome/common/ipc_channel_win.cc, line 341
[Parent 8024, Gecko_IOThread] WARNING: pipe error: 109: file z:/task_1570643041/build/src/ipc/chromium/src/chrome/common/ipc_channel_win.cc, line 341
[Child 8596, Chrome_ChildThread] WARNING: pipe error: 109: file z:/task_1570643041/build/src/ipc/chromium/src/chrome/common/ipc_channel_win.cc, line 341
[Child 8596, Chrome_ChildThread] WARNING: pipe error: 109: file z:/task_1570643041/build/src/ipc/chromium/src/chrome/common/ipc_channel_win.cc, line 341
[Child 8768, Chrome_ChildThread] WARNING: pipe error: 109: file z:/task_1570643041/build/src/ipc/chromium/src/chrome/common/ipc_channel_win.cc, line 341
[Child 8768, Chrome_ChildThread] WARNING: pipe error: 109: file z:/task_1570643041/build/src/ipc/chromium/src/chrome/common/ipc_channel_win.cc, line 341
[GPU 8996, Chrome_ChildThrea